{"name": "test_cart", "status": "broken", "statusDetails": {"message": "selenium.common.exceptions.TimeoutException: Message: \nStacktrace:\n\tGetHandleVerifier [0x0x77ba83+63395]\n\tGetHandleVerifier [0x0x77bac4+63460]\n\t(No symbol) [0x0x5c2113]\n\t(No symbol) [0x0x60a85e]\n\t(No symbol) [0x0x60abfb]\n\t(No symbol) [0x0x652f92]\n\t(No symbol) [0x0x62f3f4]\n\t(No symbol) [0x0x6507ba]\n\t(No symbol) [0x0x62f1a6]\n\t(No symbol) [0x0x5fe7b2]\n\t(No symbol) [0x0x5ff654]\n\tGetHandleVerifier [0x0x9f8883+2672035]\n\tGetHandleVerifier [0x0x9f3cba+2652634]\n\tGetHandleVerifier [0x0x7a2bca+223466]\n\tGetHandleVerifier [0x0x792cb8+158168]\n\tGetHandleVerifier [0x0x79978d+185517]\n\tGetHandleVerifier [0x0x783b78+96408]\n\tGetHandleVerifier [0x0x783d02+96802]\n\tGetHandleVerifier [0x0x76e90a+9770]\n\tBaseThreadInitThunk [0x0x75ca5d49+25]\n\tRtlInitializeExceptionChain [0x0x771ad1ab+107]\n\tRtlGetAppContainerNamedObjectPath [0x0x771ad131+561]", "trace": "driver = <selenium.webdriver.chrome.webdriver.WebDriver (session=\"bbac9c0a102653b67ccbadf568c23853\")>\n\n    def test_cart(driver):\n    \n        cartpage = CartPage(driver)\n>       cartpage.cart()\n\ntests\\test_03_cart.py:7: \n_ _ _ _ _ _ _ _ _ _ _ _ _ _ _ _ _ _ _ _ _ _ _ _ _ _ _ _ _ _ _ _ _ _ _ _ _ _ _ _ _ _ _ _ _ _ _ _ _ _ _ _ _ _ _ _ _ _ _ _ _ _ _ _ _ _ _ _ _ _ _ _ _ _ _ _ _\npages\\cart_page.py:12: in cart\n    self._add_product_into_cart()\npages\\cart_page.py:19: in _add_product_into_cart\n    add_product_button = self.wait.until(\n_ _ _ _ _ _ _ _ _ _ _ _ _ _ _ _ _ _ _ _ _ _ _ _ _ _ _ _ _ _ _ _ _ _ _ _ _ _ _ _ _ _ _ _ _ _ _ _ _ _ _ _ _ _ _ _ _ _ _ _ _ _ _ _ _ _ _ _ _ _ _ _ _ _ _ _ _\n\nself = <selenium.webdriver.support.wait.WebDriverWait (session=\"bbac9c0a102653b67ccbadf568c23853\")>\nmethod = <function element_to_be_clickable.<locals>._predicate at 0x00000168AE1B2CA0>, message = ''\n\n    def until(self, method: Callable[[D], Union[Literal[False], T]], message: str = \"\") -> T:\n        \"\"\"Wait until the method returns a value that is not False.\n    \n        Calls the method provided with the driver as an argument until the\n        return value does not evaluate to ``False``.\n    \n        Parameters:\n        -----------\n        method: callable(WebDriver)\n            - A callable object that takes a WebDriver instance as an argument.\n    \n        message: str\n            - Optional message for :exc:`TimeoutException`\n    \n        Return:\n        -------\n        object: T\n            - The result of the last call to `method`\n    \n        Raises:\n        -------\n        TimeoutException\n            - If 'method' does not return a truthy value within the WebDriverWait\n            object's timeout\n    \n        Example:\n        --------\n        >>> from selenium.webdriver.common.by import By\n        >>> from selenium.webdriver.support.ui import WebDriverWait\n        >>> from selenium.webdriver.support import expected_conditions as EC\n    \n        # Wait until an element is visible on the page\n        >>> wait = WebDriverWait(driver, 10)\n        >>> element = wait.until(EC.visibility_of_element_located((By.ID, \"exampleId\")))\n        >>> print(element.text)\n        \"\"\"\n        screen = None\n        stacktrace = None\n    \n        end_time = time.monotonic() + self._timeout\n        while True:\n            try:\n                value = method(self._driver)\n                if value:\n                    return value\n            except self._ignored_exceptions as exc:\n                screen = getattr(exc, \"screen\", None)\n                stacktrace = getattr(exc, \"stacktrace\", None)\n            if time.monotonic() > end_time:\n                break\n            time.sleep(self._poll)\n>       raise TimeoutException(message, screen, stacktrace)\nE       selenium.common.exceptions.TimeoutException: Message: \nE       Stacktrace:\nE       \tGetHandleVerifier [0x0x77ba83+63395]\nE       \tGetHandleVerifier [0x0x77bac4+63460]\nE       \t(No symbol) [0x0x5c2113]\nE       \t(No symbol) [0x0x60a85e]\nE       \t(No symbol) [0x0x60abfb]\nE       \t(No symbol) [0x0x652f92]\nE       \t(No symbol) [0x0x62f3f4]\nE       \t(No symbol) [0x0x6507ba]\nE       \t(No symbol) [0x0x62f1a6]\nE       \t(No symbol) [0x0x5fe7b2]\nE       \t(No symbol) [0x0x5ff654]\nE       \tGetHandleVerifier [0x0x9f8883+2672035]\nE       \tGetHandleVerifier [0x0x9f3cba+2652634]\nE       \tGetHandleVerifier [0x0x7a2bca+223466]\nE       \tGetHandleVerifier [0x0x792cb8+158168]\nE       \tGetHandleVerifier [0x0x79978d+185517]\nE       \tGetHandleVerifier [0x0x783b78+96408]\nE       \tGetHandleVerifier [0x0x783d02+96802]\nE       \tGetHandleVerifier [0x0x76e90a+9770]\nE       \tBaseThreadInitThunk [0x0x75ca5d49+25]\nE       \tRtlInitializeExceptionChain [0x0x771ad1ab+107]\nE       \tRtlGetAppContainerNamedObjectPath [0x0x771ad131+561]\n\nvenv\\Lib\\site-packages\\selenium\\webdriver\\support\\wait.py:138: TimeoutException"}, "attachments": [{"name": "screenshot", "source": "3d1053ee-932f-4415-a28d-08271fcae3ed-attachment.png", "type": "image/png"}], "start": 1754560610631, "stop": 1754560620990, "uuid": "392c1f7b-6b30-4956-aba1-a6542b02cbae", "historyId": "3b394aa931b0758e3e3ae2bbe6287c07", "testCaseId": "3b394aa931b0758e3e3ae2bbe6287c07", "fullName": "tests.test_03_cart#test_cart", "labels": [{"name": "parentSuite", "value": "tests"}, {"name": "suite", "value": "test_03_cart"}, {"name": "host", "value": "pnvl161"}, {"name": "thread", "value": "7372-MainThread"}, {"name": "framework", "value": "pytest"}, {"name": "language", "value": "cpython3"}, {"name": "package", "value": "tests.test_03_cart"}], "titlePath": ["tests", "test_03_cart.py"]}